2025-09-16 21:37:09,419 - master_integrator - INFO - Loading module rexploit
2025-09-16 21:37:12,114 - master_integrator - INFO - Loading module enhanced_ui
2025-09-16 21:37:12,361 - master_integrator - ERROR - Failed to import enhanced_ui: cannot import name 'TextLog' from 'textual.widgets' (/home/codespace/.python/current/lib/python3.12/site-packages/textual/widgets/__init__.py)
2025-09-16 21:37:12,363 - master_integrator - INFO - Loading module dependency_manager
2025-09-16 21:37:12,373 - master_integrator - INFO - Loading module enhancements
2025-09-16 21:37:12,373 - master_integrator - INFO - Loading module unified_rexploit
2025-09-16 21:37:12,381 - master_integrator - ERROR - Failed to import unified_rexploit: cannot import name 'TextLog' from 'textual.widgets' (/home/codespace/.python/current/lib/python3.12/site-packages/textual/widgets/__init__.py)
2025-09-16 21:38:44,281 - master_integrator - INFO - Loading module rexploit
2025-09-16 21:38:44,514 - master_integrator - INFO - Loading module enhanced_ui
2025-09-16 21:38:44,567 - master_integrator - INFO - Loading module dependency_manager
2025-09-16 21:38:44,568 - master_integrator - INFO - Loading module enhancements
2025-09-16 21:38:44,569 - master_integrator - INFO - Loading module unified_rexploit
2025-09-16 21:38:44,572 - master_integrator - INFO - Created __init__.py file
2025-09-16 21:38:44,808 - master_integrator - WARNING - Some dependencies could not be installed
2025-09-17 10:15:31,705 - master_integrator - INFO - Loading module rexploit
2025-09-17 10:15:31,882 - master_integrator - INFO - Loading module enhanced_ui
2025-09-17 10:15:31,920 - master_integrator - INFO - Loading module dependency_manager
2025-09-17 10:15:31,922 - master_integrator - INFO - Loading module enhancements
2025-09-17 10:15:31,922 - master_integrator - INFO - Loading module unified_rexploit
2025-09-17 10:15:32,126 - master_integrator - WARNING - Some dependencies could not be installed
